=== Nova Requisição ===
URI: /contaself-estagio-projeto/backend/API/alunos
Method: GET
Script: D:/xampp/htdocs/contaself-estagio-projeto/backend/API/index.php
=== Nova Requisição ===
URI: /contaself-estagio-projeto/backend/API/alunos
Method: GET
Script: D:/xampp/htdocs/contaself-estagio-projeto/backend/API/index.php
=== Nova Requisição ===
URI: /contaself-estagio-projeto/backend/API/alunos
Method: GET
Script: D:/xampp/htdocs/contaself-estagio-projeto/backend/API/index.php
=== Nova Requisição ===
URI: /contaself-estagio-projeto/backend/API/alunos
Method: GET
Script: D:/xampp/htdocs/contaself-estagio-projeto/backend/API/index.php
=== Nova Requisição ===
URI: /contaself-estagio-projeto/backend/API/alunos
Method: GET
Script: D:/xampp/htdocs/contaself-estagio-projeto/backend/API/index.php
=== Nova Requisição ===
URI: /contaself-estagio-projeto/backend/API/alunos
Method: GET
Script: D:/xampp/htdocs/contaself-estagio-projeto/backend/API/index.php
=== Nova Requisição ===
URI: /contaself-estagio-projeto/backend/API/alunos
Method: GET
Script: D:/xampp/htdocs/contaself-estagio-projeto/backend/API/index.php
=== Nova Requisição ===
URI: /contaself-estagio-projeto/backend/API/alunos
Method: GET
Script: D:/xampp/htdocs/contaself-estagio-projeto/backend/API/index.php
=== Nova Requisição ===
URI: /contaself-estagio-projeto/backend/API/alunos
Method: GET
Script: D:/xampp/htdocs/contaself-estagio-projeto/backend/API/index.php
=== Nova Requisição ===
URI: /contaself-estagio-projeto/backend/API/alunos
Method: GET
Script: D:/xampp/htdocs/contaself-estagio-projeto/backend/API/index.php
=== Nova Requisição ===
URI: /contaself-estagio-projeto/backend/API/alunos
Method: GET
Script: D:/xampp/htdocs/contaself-estagio-projeto/backend/API/index.php
=== Nova Requisição ===
URI: /contaself-estagio-projeto/backend/API/cursos
Method: GET
Script: D:/xampp/htdocs/contaself-estagio-projeto/backend/API/index.php
=== Nova Requisição ===
URI: /contaself-estagio-projeto/backend/API/alunos
Method: GET
Script: D:/xampp/htdocs/contaself-estagio-projeto/backend/API/index.php
=== Nova Requisição ===
URI: /contaself-estagio-projeto/backend/API/alunos
Method: GET
Script: D:/xampp/htdocs/contaself-estagio-projeto/backend/API/index.php
=== Nova Requisição ===
URI: /contaself-estagio-projeto/backend/API/alunos
Method: GET
Script: D:/xampp/htdocs/contaself-estagio-projeto/backend/API/index.php
=== Nova Requisição ===
URI: /contaself-estagio-projeto/backend/API/alunos
Method: GET
Script: D:/xampp/htdocs/contaself-estagio-projeto/backend/API/index.php
=== Nova Requisição ===
URI: /contaself-estagio-projeto/backend/API/alunos
Method: GET
Script: D:/xampp/htdocs/contaself-estagio-projeto/backend/API/index.php
=== Nova Requisição ===
URI: /contaself-estagio-projeto/backend/API/alunos
Method: GET
Script: D:/xampp/htdocs/contaself-estagio-projeto/backend/API/index.php
=== Nova Requisição ===
URI: /contaself-estagio-projeto/backend/API/alunos
Method: GET
Script: D:/xampp/htdocs/contaself-estagio-projeto/backend/API/index.php
=== Nova Requisição ===
URI: /contaself-estagio-projeto/backend/API/alunos
Method: GET
Script: D:/xampp/htdocs/contaself-estagio-projeto/backend/API/index.php
=== Nova Requisição ===
URI: /contaself-estagio-projeto/backend/API/alunos
Method: GET
Script: D:/xampp/htdocs/contaself-estagio-projeto/backend/API/index.php
=== Nova Requisição ===
URI: /contaself-estagio-projeto/backend/API/alunos
Method: GET
Script: D:/xampp/htdocs/contaself-estagio-projeto/backend/API/index.php
=== Nova Requisição ===
URI: /contaself-estagio-projeto/backend/API/alunos
Method: GET
Script: D:/xampp/htdocs/contaself-estagio-projeto/backend/API/index.php
=== Nova Requisição ===
URI: /contaself-estagio-projeto/backend/API/alunos
Method: GET
Script: D:/xampp/htdocs/contaself-estagio-projeto/backend/API/index.php
=== Nova Requisição ===
URI: /contaself-estagio-projeto/backend/API/alunos
Method: GET
Script: D:/xampp/htdocs/contaself-estagio-projeto/backend/API/index.php
=== Nova Requisição ===
URI: /contaself-estagio-projeto/backend/API/alunos
Method: GET
Script: D:/xampp/htdocs/contaself-estagio-projeto/backend/API/index.php
=== Nova Requisição ===
URI: /contaself-estagio-projeto/backend/API/alunos
Method: GET
Script: D:/xampp/htdocs/contaself-estagio-projeto/backend/API/index.php
=== Nova Requisição ===
URI: /contaself-estagio-projeto/backend/API/alunos
Method: GET
Script: D:/xampp/htdocs/contaself-estagio-projeto/backend/API/index.php
=== Nova Requisição ===
URI: /contaself-estagio-projeto/backend/API/alunos
Method: GET
Script: D:/xampp/htdocs/contaself-estagio-projeto/backend/API/index.php
=== Nova Requisição ===
URI: /contaself-estagio-projeto/backend/API/alunos
Method: GET
Script: D:/xampp/htdocs/contaself-estagio-projeto/backend/API/index.php
=== Nova Requisição ===
URI: /contaself-estagio-projeto/backend/API/alunos
Method: GET
Script: D:/xampp/htdocs/contaself-estagio-projeto/backend/API/index.php
=== Nova Requisição ===
URI: /contaself-estagio-projeto/backend/API/alunos
Method: GET
Script: D:/xampp/htdocs/contaself-estagio-projeto/backend/API/index.php
=== Nova Requisição ===
URI: /contaself-estagio-projeto/backend/API/alunos
Method: GET
Script: D:/xampp/htdocs/contaself-estagio-projeto/backend/API/index.php
=== Nova Requisição ===
URI: /contaself-estagio-projeto/backend/API/alunos
Method: GET
Script: D:/xampp/htdocs/contaself-estagio-projeto/backend/API/index.php
=== Nova Requisição ===
URI: /contaself-estagio-projeto/backend/API/alunos
Method: GET
Script: D:/xampp/htdocs/contaself-estagio-projeto/backend/API/index.php
=== Nova Requisição ===
URI: /contaself-estagio-projeto/backend/API/alunos
Method: GET
Script: D:/xampp/htdocs/contaself-estagio-projeto/backend/API/index.php
=== Nova Requisição ===
URI: /contaself-estagio-projeto/backend/API/alunos
Method: GET
Script: D:/xampp/htdocs/contaself-estagio-projeto/backend/API/index.php
=== Nova Requisição ===
URI: /contaself-estagio-projeto/backend/API/alunos
Method: GET
Script: D:/xampp/htdocs/contaself-estagio-projeto/backend/API/index.php
=== Nova Requisição ===
URI: /contaself-estagio-projeto/backend/API/cursos
=== Nova Requisição ===
Method: GET
URI: /contaself-estagio-projeto/backend/API/alunos
Script: D:/xampp/htdocs/contaself-estagio-projeto/backend/API/index.php
Method: GET
Script: D:/xampp/htdocs/contaself-estagio-projeto/backend/API/index.php
=== Nova Requisição ===
URI: /contaself-estagio-projeto/backend/API/alunos
Method: GET
Script: D:/xampp/htdocs/contaself-estagio-projeto/backend/API/index.php
=== Nova Requisição ===
URI: /contaself-estagio-projeto/backend/API/alunos
Method: GET
Script: D:/xampp/htdocs/contaself-estagio-projeto/backend/API/index.php
=== Nova Requisição ===
URI: /contaself-estagio-projeto/backend/API/alunos
Method: GET
Script: D:/xampp/htdocs/contaself-estagio-projeto/backend/API/index.php
=== Nova Requisição ===
URI: /contaself-estagio-projeto/backend/API/alunos
Method: GET
Script: D:/xampp/htdocs/contaself-estagio-projeto/backend/API/index.php
=== Nova Requisição ===
URI: /contaself-estagio-projeto/backend/API/alunos
Method: GET
Script: D:/xampp/htdocs/contaself-estagio-projeto/backend/API/index.php
=== Nova Requisição ===
URI: /contaself-estagio-projeto/backend/API/alunos
Method: GET
Script: D:/xampp/htdocs/contaself-estagio-projeto/backend/API/index.php
=== Nova Requisição ===
URI: /contaself-estagio-projeto/backend/API/alunos
Method: GET
Script: D:/xampp/htdocs/contaself-estagio-projeto/backend/API/index.php
=== Nova Requisição ===
URI: /contaself-estagio-projeto/backend/API/cursos
Method: GET
Script: D:/xampp/htdocs/contaself-estagio-projeto/backend/API/index.php
=== Nova Requisição ===
URI: /contaself-estagio-projeto/backend/API/cursos
Method: POST
Script: D:/xampp/htdocs/contaself-estagio-projeto/backend/API/index.php
=== Nova Requisição ===
URI: /contaself-estagio-projeto/backend/API/cursos
Method: POST
Script: D:/xampp/htdocs/contaself-estagio-projeto/backend/API/index.php
=== Nova Requisição ===
=== Nova Requisição ===
URI: /contaself-estagio-projeto/backend/API/cursos
URI: /contaself-estagio-projeto/backend/API/alunos
Method: GET
Method: GET
Script: D:/xampp/htdocs/contaself-estagio-projeto/backend/API/index.php
Script: D:/xampp/htdocs/contaself-estagio-projeto/backend/API/index.php
=== Nova Requisição ===
URI: /contaself-estagio-projeto/backend/API/cursos
Method: POST
Script: D:/xampp/htdocs/contaself-estagio-projeto/backend/API/index.php
=== Nova Requisição ===
URI: /contaself-estagio-projeto/backend/API/cursos
Method: POST
Script: D:/xampp/htdocs/contaself-estagio-projeto/backend/API/index.php
=== Nova Requisição ===
URI: /contaself-estagio-projeto/backend/API/cursos
Method: GET
Script: D:/xampp/htdocs/contaself-estagio-projeto/backend/API/index.php
=== Nova Requisição ===
URI: /contaself-estagio-projeto/backend/API/cursos
Method: POST
Script: D:/xampp/htdocs/contaself-estagio-projeto/backend/API/index.php
=== Nova Requisição ===
URI: /contaself-estagio-projeto/backend/API/alunos
=== Nova Requisição ===
Method: GET
URI: /contaself-estagio-projeto/backend/API/cursos
Script: D:/xampp/htdocs/contaself-estagio-projeto/backend/API/index.php
Method: GET
Script: D:/xampp/htdocs/contaself-estagio-projeto/backend/API/index.php
Rota processada: /alunos
Rota processada: /cursos
=== Nova Requisição ===
URI: /contaself-estagio-projeto/backend/API/cursos
Method: POST
Script: D:/xampp/htdocs/contaself-estagio-projeto/backend/API/index.php
Rota processada: /cursos
=== Nova Requisição ===
URI: /contaself-estagio-projeto/backend/API/alunos
URI: /contaself-estagio-projeto/backend/API/cursos
Method: GET
Method: GET
Script: D:/xampp/htdocs/contaself-estagio-projeto/backend/API/index.php
Script: D:/xampp/htdocs/contaself-estagio-projeto/backend/API/index.php
=== Nova Requisição ===
URI: /contaself-estagio-projeto/backend/API/cursos
Method: POST
Script: D:/xampp/htdocs/contaself-estagio-projeto/backend/API/index.php
=== Nova Requisição ===
URI: /contaself-estagio-projeto/backend/API/cursos
URI: /contaself-estagio-projeto/backend/API/alunos
Method: GET
Method: GET
Script: D:/xampp/htdocs/contaself-estagio-projeto/backend/API/index.php

Script: D:/xampp/htdocs/contaself-estagio-projeto/backend/API/index.php

=== Nova Requisição ===
URI: /contaself-estagio-projeto/backend/API/cursos
Method: POST
Script: D:/xampp/htdocs/contaself-estagio-projeto/backend/API/index.php

=== Nova Requisição ===
=== Nova Requisição ===
ojeto/backend/API/alunos
Method: GET
elf-estagio-projeto/backend/API/cursos
Method: GET
Script: D:/xampp/htdocs/contaself-estagio-projeto/backend/API/index.php

Script: D:/xampp/htdocs/contaself-estagio-projeto/backend/API/index.php

=== Nova Requisição ===
URI: /contaself-estagio-projeto/backend/API/cursos
Method: POST
Script: D:/xampp/htdocs/contaself-estagio-projeto/backend/API/index.php

RAW DATA: {"curso":{"nome":"Eletronica"}}
ERRO: cursos::__construct(): Argument #2 ($nome) must be of type string, null given, called in D:\xampp\htdocs\contaself-estagio-projeto\backend\API\controladores\cursosControl.php on line 47
#0 D:\xampp\htdocs\contaself-estagio-projeto\backend\API\controladores\cursosControl.php(47): cursos->__construct(0, NULL)
#1 D:\xampp\htdocs\contaself-estagio-projeto\backend\API\index.php(73): CursosControl->store(Object(stdClass))
#2 {main}

=== Nova Requisição ===
URI: /contaself-estagio-projeto/backend/API/cursos
Method: POST
Script: D:/xampp/htdocs/contaself-estagio-projeto/backend/API/index.php

RAW DATA: {"curso":{"nome":"Eletronica"}}
ERRO: cursos::__construct(): Argument #2 ($nome) must be of type string, null given, called in D:\xampp\htdocs\contaself-estagio-projeto\backend\API\controladores\cursosControl.php on line 47
#0 D:\xampp\htdocs\contaself-estagio-projeto\backend\API\controladores\cursosControl.php(47): cursos->__construct(0, NULL)
#1 D:\xampp\htdocs\contaself-estagio-projeto\backend\API\index.php(73): CursosControl->store(Object(stdClass))
#2 {main}

=== Nova Requisição ===
URI: /contaself-estagio-projeto/backend/API/cursos
=== Nova Requisição ===
Method: GET
Script: D:/xampp/htdocs/contaself-estagio-projeto/backend/API/index.php

Method: GET
Script: D:/xampp/htdocs/contaself-estagio-projeto/backend/API/index.php

=== Nova Requisição ===
URI: /contaself-estagio-projeto/backend/API/cursos
Method: POST
Script: D:/xampp/htdocs/contaself-estagio-projeto/backend/API/index.php

RAW DATA: {"curso":{"nome":"Eletronica"}}
ERRO: cursos::__construct(): Argument #2 ($nome) must be of type string, null given, called in D:\xampp\htdocs\contaself-estagio-projeto\backend\API\controladores\cursosControl.php on line 47
#0 D:\xampp\htdocs\contaself-estagio-projeto\backend\API\controladores\cursosControl.php(47): cursos->__construct(0, NULL)
#1 D:\xampp\htdocs\contaself-estagio-projeto\backend\API\index.php(73): CursosControl->store(Object(stdClass))
#2 {main}

=== Nova Requisição ===
=== Nova Requisição ===
URI: /contaself-estagio-projeto/backend/API/cursos
URI: /contaself-estagio-projeto/backend/API/alunos
Method: GET
Method: GET
Script: D:/xampp/htdocs/contaself-estagio-projeto/backend/API/index.php

=== Nova Requisição ===
URI: /contaself-estagio-projeto/backend/API/cursos
Method: POST
Script: D:/xampp/htdocs/contaself-estagio-projeto/backend/API/index.php

RAW DATA: {"curso":{"nome":"Eletronica"}}
ERRO: cursos::__construct(): Argument #2 ($nome) must be of type string, null given, called in D:\xampp\htdocs\contaself-estagio-projeto\backend\API\controladores\cursosControl.php on line 47
#0 D:\xampp\htdocs\contaself-estagio-projeto\backend\API\controladores\cursosControl.php(47): cursos->__construct(0, NULL)
#1 D:\xampp\htdocs\contaself-estagio-projeto\backend\API\index.php(75): CursosControl->store(Object(stdClass))
#2 {main}

=== Nova Requisição ===
URI: /contaself-estagio-projeto/backend/API/cursos
Method: POST
Script: D:/xampp/htdocs/contaself-estagio-projeto/backend/API/index.php

RAW DATA: {"curso":{"nome":"Eletronica"}}
ERRO: cursos::__construct(): Argument #2 ($nome) must be of type string, null given, called in D:\xampp\htdocs\contaself-estagio-projeto\backend\API\controladores\cursosControl.php on line 47
#0 D:\xampp\htdocs\contaself-estagio-projeto\backend\API\controladores\cursosControl.php(47): cursos->__construct(0, NULL)
#1 D:\xampp\htdocs\contaself-estagio-projeto\backend\API\index.php(75): CursosControl->store(Object(stdClass))
#2 {main}

=== Nova Requisição ===
URI: /contaself-estagio-projeto/backend/API/cursos
Method: POST
Script: D:/xampp/htdocs/contaself-estagio-projeto/backend/API/index.php

RAW DATA: {"curso":{"nome":"Eletronica"}}
ERRO: cursos::__construct(): Argument #2 ($nome) must be of type string, null given, called in D:\xampp\htdocs\contaself-estagio-projeto\backend\API\controladores\cursosControl.php on line 47
#0 D:\xampp\htdocs\contaself-estagio-projeto\backend\API\controladores\cursosControl.php(47): cursos->__construct(0, NULL)
#1 D:\xampp\htdocs\contaself-estagio-projeto\backend\API\index.php(75): CursosControl->store(Object(stdClass))
#2 {main}

=== Nova Requisição ===
URI: /contaself-estagio-projeto/backend/API/cursos
URI: /contaself-estagio-projeto/backend/API/alunos
Method: GET
Method: GET
Script: D:/xampp/htdocs/contaself-estagio-projeto/backend/API/index.php

Script: D:/xampp/htdocs/contaself-estagio-projeto/backend/API/index.php

=== Nova Requisição ===
URI: /contaself-estagio-projeto/backend/API/cursos
Method: POST
Script: D:/xampp/htdocs/contaself-estagio-projeto/backend/API/index.php

RAW DATA: {"curso":{"nome":"Eletronica"}}
ERRO: cursos::__construct(): Argument #2 ($nome) must be of type string, null given, called in D:\xampp\htdocs\contaself-estagio-projeto\backend\API\controladores\cursosControl.php on line 47
#0 D:\xampp\htdocs\contaself-estagio-projeto\backend\API\controladores\cursosControl.php(47): cursos->__construct(0, NULL)
#1 D:\xampp\htdocs\contaself-estagio-projeto\backend\API\index.php(73): CursosControl->store(Object(stdClass))
#2 {main}

=== Nova Requisição ===
URI: /contaself-estagio-projeto/backend/API/cursos
Method: GET
Script: D:/xampp/htdocs/contaself-estagio-projeto/backend/API/index.php

=== Nova Requisição ===
URI: /contaself-estagio-projeto/backend/API/cursos
Method: GET
Script: D:/xampp/htdocs/contaself-estagio-projeto/backend/API/index.php

=== Nova Requisição ===
URI: /contaself-estagio-projeto/backend/API/cursos
Method: GET
Script: D:/xampp/htdocs/contaself-estagio-projeto/backend/API/index.php

=== Nova Requisição ===
=== Nova Requisição ===
URI: /contaself-estagio-projeto/backend/API/cursos
URI: /contaself-estagio-projeto/backend/API/alunos
Method: GET
Method: GET
Script: D:/xampp/htdocs/contaself-estagio-projeto/backend/API/index.php

Script: D:/xampp/htdocs/contaself-estagio-projeto/backend/API/index.php

=== Nova Requisição ===
URI: /contaself-estagio-projeto/backend/API/cursos
Method: POST
Script: D:/xampp/htdocs/contaself-estagio-projeto/backend/API/index.php

RAW DATA: {"curso":{"nome":"Eletronica"}}
ERRO: Campo "curso" não encontrado ou está vazio no corpo da requisição.
#0 {main}

=== Nova Requisição ===
URI: /contaself-estagio-projeto/backend/API/cursos
Method: POST
Script: D:/xampp/htdocs/contaself-estagio-projeto/backend/API/index.php

RAW DATA: {"curso":{"nome":"Eletronica"}}
ERRO: Campo "curso" não encontrado ou está vazio no corpo da requisição.
#0 {main}

=== Nova Requisição ===
URI: /contaself-estagio-projeto/backend/API/cursos
URI: /contaself-estagio-projeto/backend/API/alunos
Method: GET
Script: D:/xampp/htdocs/contaself-estagio-projeto/backend/API/index.php

Script: D:/xampp/htdocs/contaself-estagio-projeto/backend/API/index.php

=== Nova Requisição ===
URI: /contaself-estagio-projeto/backend/API/cursos
Method: POST
Script: D:/xampp/htdocs/contaself-estagio-projeto/backend/API/index.php

RAW DATA: {"curso":{"nome":"Eletronica"}}
ERRO: Call to undefined method cursos::getNomecursos()
#0 D:\xampp\htdocs\contaself-estagio-projeto\backend\API\controladores\cursosControl.php(57): cursosDAO->create(Object(cursos))
#1 D:\xampp\htdocs\contaself-estagio-projeto\backend\API\index.php(75): CursosControl->store(Array)
#2 {main}

=== Nova Requisição ===
URI: /contaself-estagio-projeto/backend/API/alunos
URI: /contaself-estagio-projeto/backend/API/cursos
Method: GET
Method: GET
Script: D:/xampp/htdocs/contaself-estagio-projeto/backend/API/index.php

Script: D:/xampp/htdocs/contaself-estagio-projeto/backend/API/index.php

=== Nova Requisição ===
URI: /contaself-estagio-projeto/backend/API/cursos
Method: POST
Script: D:/xampp/htdocs/contaself-estagio-projeto/backend/API/index.php

RAW DATA: {"curso":{"nome":"Eletronica"}}
ERRO: Call to undefined method cursos::setIdcursos()
#0 D:\xampp\htdocs\contaself-estagio-projeto\backend\API\controladores\cursosControl.php(57): cursosDAO->create(Object(cursos))
#1 D:\xampp\htdocs\contaself-estagio-projeto\backend\API\index.php(75): CursosControl->store(Array)
#2 {main}

=== Nova Requisição ===
=== Nova Requisição ===
URI: /contaself-estagio-projeto/backend/API/alunos
Method: GET
Script: D:/xampp/htdocs/contaself-estagio-projeto/backend/API/index.php

Script: D:/xampp/htdocs/contaself-estagio-projeto/backend/API/index.php

=== Nova Requisição ===
URI: /contaself-estagio-projeto/backend/API/cursos
Method: POST
Script: D:/xampp/htdocs/contaself-estagio-projeto/backend/API/index.php

RAW DATA: {"curso":{"nome":"Eletronica"}}
=== Nova Requisição ===
URI: /contaself-estagio-projeto/backend/API/cursos
Method: GET
=== Nova Requisição ===
Script: D:/xampp/htdocs/contaself-estagio-projeto/backend/API/index.php

URI: /contaself-estagio-projeto/backend/API/alunos
Method: GET
Script: D:/xampp/htdocs/contaself-estagio-projeto/backend/API/index.php

=== Nova Requisição ===
URI: /contaself-estagio-projeto/backend/API/cursos?nome=Eletronica
Method: GET
Script: D:/xampp/htdocs/contaself-estagio-projeto/backend/API/index.php

=== Nova Requisição ===
URI: /contaself-estagio-projeto/backend/API/cursos?nome=Publicidade
Method: GET
Script: D:/xampp/htdocs/contaself-estagio-projeto/backend/API/index.php

=== Nova Requisição ===
URI: /contaself-estagio-projeto/backend/API/alunos?curso_id=1
Method: GET
Script: D:/xampp/htdocs/contaself-estagio-projeto/backend/API/index.php

=== Nova Requisição ===
URI: /contaself-estagio-projeto/backend/API/alunos?curso=Eletronica&curso_id=1
Method: GET
Script: D:/xampp/htdocs/contaself-estagio-projeto/backend/API/index.php

=== Nova Requisição ===
URI: /contaself-estagio-projeto/backend/API/cursos
Method: GET
Script: D:/xampp/htdocs/contaself-estagio-projeto/backend/API/index.php

=== Nova Requisição ===
URI: /contaself-estagio-projeto/backend/API/alunos
Method: GET
Script: D:/xampp/htdocs/contaself-estagio-projeto/backend/API/index.php

=== Nova Requisição ===
URI: /contaself-estagio-projeto/backend/API/cursos
Method: POST
Script: D:/xampp/htdocs/contaself-estagio-projeto/backend/API/index.php

RAW DATA: {"curso":{"nome":"Eletronica"}}
=== Nova Requisição ===
URI: /contaself-estagio-projeto/backend/API/cursos
Method: GET
Script: D:/xampp/htdocs/contaself-estagio-projeto/backend/API/index.php

=== Nova Requisição ===
URI: /contaself-estagio-projeto/backend/API/cursos
Method: POST
Script: D:/xampp/htdocs/contaself-estagio-projeto/backend/API/index.php

RAW DATA: {"curso":{"nome":"Publicidade"}}
=== Nova Requisição ===
URI: /contaself-estagio-projeto/backend/API/cursos
Method: GET
Script: D:/xampp/htdocs/contaself-estagio-projeto/backend/API/index.php

=== Nova Requisição ===
URI: /contaself-estagio-projeto/backend/API/cursos
Method: GET
Script: D:/xampp/htdocs/contaself-estagio-projeto/backend/API/index.php

=== Nova Requisição ===
URI: /contaself-estagio-projeto/backend/API/cursos
Method: POST
Script: D:/xampp/htdocs/contaself-estagio-projeto/backend/API/index.php

RAW DATA: {"curso":{"nome":"Informatica"}}
=== Nova Requisição ===
URI: /contaself-estagio-projeto/backend/API/cursos
Method: GET
Script: D:/xampp/htdocs/contaself-estagio-projeto/backend/API/index.php

=== Nova Requisição ===
URI: /contaself-estagio-projeto/backend/API/cursos
Method: GET
Script: D:/xampp/htdocs/contaself-estagio-projeto/backend/API/index.php

=== Nova Requisição ===
URI: /contaself-estagio-projeto/backend/API/alunos?curso_id=1
Method: GET
Script: D:/xampp/htdocs/contaself-estagio-projeto/backend/API/index.php

=== Nova Requisição ===
URI: /contaself-estagio-projeto/backend/API/alunos?curso=Informatica
Method: GET
Script: D:/xampp/htdocs/contaself-estagio-projeto/backend/API/index.php

=== Nova Requisição ===
URI: /contaself-estagio-projeto/backend/API/alunos
URI: /contaself-estagio-projeto/backend/API/cursos
Method: GET
Script: D:/xampp/htdocs/contaself-estagio-projeto/backend/API/index.php

Script: D:/xampp/htdocs/contaself-estagio-projeto/backend/API/index.php

=== Nova Requisição ===
URI: /contaself-estagio-projeto/backend/API/alunos
URI: /contaself-estagio-projeto/backend/API/cursos
Method: GET
Method: GET
Script: D:/xampp/htdocs/contaself-estagio-projeto/backend/API/index.php

Script: D:/xampp/htdocs/contaself-estagio-projeto/backend/API/index.php

=== Nova Requisição ===
URI: /contaself-estagio-projeto/backend/API/alunos
Method: GET
Script: D:/xampp/htdocs/contaself-estagio-projeto/backend/API/index.php

=== Nova Requisição ===
URI: /contaself-estagio-projeto/backend/API/cursos
Method: GET
Script: D:/xampp/htdocs/contaself-estagio-projeto/backend/API/index.php

=== Nova Requisição ===
URI: /contaself-estagio-projeto/backend/API/alunos
URI: /contaself-estagio-projeto/backend/API/cursos
Method: GET
Script: D:/xampp/htdocs/contaself-estagio-projeto/backend/API/index.php

=== Nova Requisição ===
=== Nova Requisição ===
URI: /contaself-estagio-projeto/backend/API/alunos
URI: /contaself-estagio-projeto/backend/API/cursos
Method: GET
Method: GET
Script: D:/xampp/htdocs/contaself-estagio-projeto/backend/API/index.php

Script: D:/xampp/htdocs/contaself-estagio-projeto/backend/API/index.php

=== Nova Requisição ===
URI: /contaself-estagio-projeto/backend/API/alunos
Method: POST
Script: D:/xampp/htdocs/contaself-estagio-projeto/backend/API/index.php

RAW DATA: {"aluno":{"nome":"Isabela","idade":17,"cursos":{"curso_id":5}}}
ERRO: cursos::__construct(): Argument #2 ($nome) must be of type string, null given, called in D:\xampp\htdocs\contaself-estagio-projeto\backend\API\controladores\alunosControl.php on line 345
#0 D:\xampp\htdocs\contaself-estagio-projeto\backend\API\controladores\alunosControl.php(345): cursos->__construct(NULL, NULL)
#1 D:\xampp\htdocs\contaself-estagio-projeto\backend\API\index.php(103): alunosControl->store(Array)
#2 {main}

=== Nova Requisição ===
=== Nova Requisição ===
ojeto/backend/API/cursos
Method: GET
URI: /contaself-estagio-projeto/backend/API/alunos
Script: D:/xampp/htdocs/contaself-estagio-projeto/backend/API/index.php

Method: GET
Script: D:/xampp/htdocs/contaself-estagio-projeto/backend/API/index.php

=== Nova Requisição ===
URI: /contaself-estagio-projeto/backend/API/alunos
Method: POST
Script: D:/xampp/htdocs/contaself-estagio-projeto/backend/API/index.php

RAW DATA: {"aluno":{"nome":"Isabela","idade":17,"cursos":{"id":5,"nome":"Informatica"}}}
ERRO: cursos::__construct(): Argument #2 ($nome) must be of type string, null given, called in D:\xampp\htdocs\contaself-estagio-projeto\backend\API\controladores\alunosControl.php on line 345
#0 D:\xampp\htdocs\contaself-estagio-projeto\backend\API\controladores\alunosControl.php(345): cursos->__construct(NULL, NULL)
#1 D:\xampp\htdocs\contaself-estagio-projeto\backend\API\index.php(103): alunosControl->store(Array)
#2 {main}

=== Nova Requisição ===
URI: /contaself-estagio-projeto/backend/API/cursos
URI: /contaself-estagio-projeto/backend/API/alunos
Method: GET
Script: D:/xampp/htdocs/contaself-estagio-projeto/backend/API/index.php

Script: D:/xampp/htdocs/contaself-estagio-projeto/backend/API/index.php

=== Nova Requisição ===
URI: /contaself-estagio-projeto/backend/API/alunos
Method: POST
Script: D:/xampp/htdocs/contaself-estagio-projeto/backend/API/index.php

RAW DATA: {"aluno":{"nome":"Isabela","idade":17,"cursos":{"id":5,"nome":"Informatica"}}}
=== Nova Requisição ===
URI: /contaself-estagio-projeto/backend/API/alunos
Method: GET
Script: D:/xampp/htdocs/contaself-estagio-projeto/backend/API/index.php

ERRO: Call to undefined method cursos::getNome()
#0 [internal function]: alunosControl->{closure}(Object(alunos))
#1 D:\xampp\htdocs\contaself-estagio-projeto\backend\API\controladores\alunosControl.php(277): array_map(Object(Closure), Array)
#2 D:\xampp\htdocs\contaself-estagio-projeto\backend\API\index.php(88): alunosControl->index()
#3 {main}

=== Nova Requisição ===
URI: /contaself-estagio-projeto/backend/API/alunos
Method: GET
Script: D:/xampp/htdocs/contaself-estagio-projeto/backend/API/index.php

ERRO: Call to undefined method cursos::getNome()
#0 [internal function]: alunosControl->{closure}(Object(alunos))
#1 D:\xampp\htdocs\contaself-estagio-projeto\backend\API\controladores\alunosControl.php(277): array_map(Object(Closure), Array)
#2 D:\xampp\htdocs\contaself-estagio-projeto\backend\API\index.php(88): alunosControl->index()
#3 {main}

=== Nova Requisição ===
=== Nova Requisição ===
URI: /contaself-estagio-projeto/backend/API/cursos
Method: GET
Method: GET
Script: D:/xampp/htdocs/contaself-estagio-projeto/backend/API/index.php

Script: D:/xampp/htdocs/contaself-estagio-projeto/backend/API/index.php

ERRO: Call to undefined method cursos::getNome()
#0 [internal function]: alunosControl->{closure}(Object(alunos))
#1 D:\xampp\htdocs\contaself-estagio-projeto\backend\API\controladores\alunosControl.php(277): array_map(Object(Closure), Array)
#2 D:\xampp\htdocs\contaself-estagio-projeto\backend\API\index.php(88): alunosControl->index()
#3 {main}

=== Nova Requisição ===
URI: /contaself-estagio-projeto/backend/API/alunos
Method: GET
Script: D:/xampp/htdocs/contaself-estagio-projeto/backend/API/index.php

ERRO: Call to undefined method cursos::getNome()
#0 [internal function]: alunosControl->{closure}(Object(alunos))
#1 D:\xampp\htdocs\contaself-estagio-projeto\backend\API\controladores\alunosControl.php(277): array_map(Object(Closure), Array)
#2 D:\xampp\htdocs\contaself-estagio-projeto\backend\API\index.php(88): alunosControl->index()
#3 {main}

=== Nova Requisição ===
URI: /contaself-estagio-projeto/backend/API/cursos
Method: GET
Script: D:/xampp/htdocs/contaself-estagio-projeto/backend/API/index.php

=== Nova Requisição ===
URI: /contaself-estagio-projeto/backend/API/alunos
Method: GET
Script: D:/xampp/htdocs/contaself-estagio-projeto/backend/API/index.php

=== Nova Requisição ===
URI: /contaself-estagio-projeto/backend/API/alunos
Method: GET
Script: D:/xampp/htdocs/contaself-estagio-projeto/backend/API/index.php

=== Nova Requisição ===
URI: /contaself-estagio-projeto/backend/API/alunos
Method: GET
Script: D:/xampp/htdocs/contaself-estagio-projeto/backend/API/index.php

=== Nova Requisição ===
URI: /contaself-estagio-projeto/backend/API/alunos
Method: GET
Script: D:/xampp/htdocs/contaself-estagio-projeto/backend/API/index.php

=== Nova Requisição ===
URI: /contaself-estagio-projeto/backend/API/alunos
Method: POST
Script: D:/xampp/htdocs/contaself-estagio-projeto/backend/API/index.php

RAW DATA: {"aluno":{"nome":"Clara","idade":17,"cursos":{"id":4,"nome":"Publicidade"}}}
=== Nova Requisição ===
URI: /contaself-estagio-projeto/backend/API/alunos
Method: GET
Script: D:/xampp/htdocs/contaself-estagio-projeto/backend/API/index.php

=== Nova Requisição ===
URI: /contaself-estagio-projeto/backend/API/alunos
Method: GET
Script: D:/xampp/htdocs/contaself-estagio-projeto/backend/API/index.php

=== Nova Requisição ===
URI: /contaself-estagio-projeto/backend/API/alunos?curso=Informatica
Method: GET
Script: D:/xampp/htdocs/contaself-estagio-projeto/backend/API/index.php

=== Nova Requisição ===
URI: /contaself-estagio-projeto/backend/API/alunos?curso=Publicidade
Method: GET
Script: D:/xampp/htdocs/contaself-estagio-projeto/backend/API/index.php

=== Nova Requisição ===
URI: /contaself-estagio-projeto/backend/API/alunos?curso=Informatica
Method: GET
Script: D:/xampp/htdocs/contaself-estagio-projeto/backend/API/index.php

=== Nova Requisição ===
URI: /contaself-estagio-projeto/backend/API/alunos?curso=Publicidade
Method: GET
Script: D:/xampp/htdocs/contaself-estagio-projeto/backend/API/index.php

=== Nova Requisição ===
=== Nova Requisição ===
URI: /contaself-estagio-projeto/backend/API/alunos/total-por-curso
URI: /contaself-estagio-projeto/backend/API/cursos
Method: GET
Method: GET
Script: D:/xampp/htdocs/contaself-estagio-projeto/backend/API/index.php

Script: D:/xampp/htdocs/contaself-estagio-projeto/backend/API/index.php

=== Nova Requisição ===
URI: /contaself-estagio-projeto/backend/API/alunos
Method: GET
Script: D:/xampp/htdocs/contaself-estagio-projeto/backend/API/index.php

=== Nova Requisição ===
URI: /contaself-estagio-projeto/backend/API/alunos/media-idade-por-curso
Method: GET
Script: D:/xampp/htdocs/contaself-estagio-projeto/backend/API/index.php

=== Nova Requisição ===
URI: /contaself-estagio-projeto/backend/API/cursos
URI: /contaself-estagio-projeto/backend/API/alunos
Method: GET
Script: D:/xampp/htdocs/contaself-estagio-projeto/backend/API/index.php

Script: D:/xampp/htdocs/contaself-estagio-projeto/backend/API/index.php

=== Nova Requisição ===
URI: /contaself-estagio-projeto/backend/API/alunos/total-por-curso
Method: GET
Script: D:/xampp/htdocs/contaself-estagio-projeto/backend/API/index.php

=== Nova Requisição ===
URI: /contaself-estagio-projeto/backend/API/alunos/media-idade-por-curso
Method: GET
Script: D:/xampp/htdocs/contaself-estagio-projeto/backend/API/index.php

=== Nova Requisição ===
URI: /contaself-estagio-projeto/backend/API/cursos
Method: GET
Script: D:/xampp/htdocs/contaself-estagio-projeto/backend/API/index.php

=== Nova Requisição ===
URI: /contaself-estagio-projeto/backend/API/alunos
Method: GET
Script: D:/xampp/htdocs/contaself-estagio-projeto/backend/API/index.php

=== Nova Requisição ===
URI: /contaself-estagio-projeto/backend/API/alunos/total-por-curso
Method: GET
Script: D:/xampp/htdocs/contaself-estagio-projeto/backend/API/index.php

=== Nova Requisição ===
URI: /contaself-estagio-projeto/backend/API/alunos/media-idade-por-curso
Method: GET
Script: D:/xampp/htdocs/contaself-estagio-projeto/backend/API/index.php

=== Nova Requisição ===
URI: /contaself-estagio-projeto/backend/API/cursos
Method: GET
Script: D:/xampp/htdocs/contaself-estagio-projeto/backend/API/index.php

=== Nova Requisição ===
URI: /contaself-estagio-projeto/backend/API/alunos
Method: GET
Script: D:/xampp/htdocs/contaself-estagio-projeto/backend/API/index.php

=== Nova Requisição ===
URI: /contaself-estagio-projeto/backend/API/alunos/total-por-curso
Method: GET
Script: D:/xampp/htdocs/contaself-estagio-projeto/backend/API/index.php

=== Nova Requisição ===
URI: /contaself-estagio-projeto/backend/API/alunos/media-idade-por-curso
Method: GET
Script: D:/xampp/htdocs/contaself-estagio-projeto/backend/API/index.php

=== Nova Requisição ===
URI: /contaself-estagio-projeto/backend/API/cursos
Method: GET
Script: D:/xampp/htdocs/contaself-estagio-projeto/backend/API/index.php

=== Nova Requisição ===
URI: /contaself-estagio-projeto/backend/API/alunos
Method: GET
Script: D:/xampp/htdocs/contaself-estagio-projeto/backend/API/index.php

=== Nova Requisição ===
URI: /contaself-estagio-projeto/backend/API/alunos/total-por-curso
Method: GET
Script: D:/xampp/htdocs/contaself-estagio-projeto/backend/API/index.php

=== Nova Requisição ===
URI: /contaself-estagio-projeto/backend/API/alunos/media-idade-por-curso
Method: GET
Script: D:/xampp/htdocs/contaself-estagio-projeto/backend/API/index.php

=== Nova Requisição ===
URI: /contaself-estagio-projeto/backend/API/cursos
Method: GET
Script: D:/xampp/htdocs/contaself-estagio-projeto/backend/API/index.php

=== Nova Requisição ===
URI: /contaself-estagio-projeto/backend/API/alunos
Method: GET
Script: D:/xampp/htdocs/contaself-estagio-projeto/backend/API/index.php

=== Nova Requisição ===
URI: /contaself-estagio-projeto/backend/API/alunos/total-por-curso
Method: GET
Script: D:/xampp/htdocs/contaself-estagio-projeto/backend/API/index.php

=== Nova Requisição ===
URI: /contaself-estagio-projeto/backend/API/alunos/media-idade-por-curso
Method: GET
Script: D:/xampp/htdocs/contaself-estagio-projeto/backend/API/index.php

=== Nova Requisição ===
URI: /contaself-estagio-projeto/backend/API/cursos
Method: GET
=== Nova Requisição ===
ntaself-estagio-projeto/backend/API/index.php

URI: /contaself-estagio-projeto/backend/API/alunos
Method: GET
=== Nova Requisição ===
URI: /contaself-estagio-projeto/backend/API/alunos/total-por-curso
.php

Method: GET
Script: D:/xampp/htdocs/contaself-estagio-projeto/backend/API/index.php

=== Nova Requisição ===
URI: /contaself-estagio-projeto/backend/API/alunos/media-idade-por-curso
Method: GET
Script: D:/xampp/htdocs/contaself-estagio-projeto/backend/API/index.php

=== Nova Requisição ===
URI: /contaself-estagio-projeto/backend/API/alunos?curso=Informatica
Method: GET
Script: D:/xampp/htdocs/contaself-estagio-projeto/backend/API/index.php

=== Nova Requisição ===
URI: /contaself-estagio-projeto/backend/API/cursos
Method: GET
Script: D:/xampp/htdocs/contaself-estagio-projeto/backend/API/index.php

=== Nova Requisição ===
URI: /contaself-estagio-projeto/backend/API/alunos/total-por-curso
URI: /contaself-estagio-projeto/backend/API/alunos
Script: D:/xampp/htdocs/contaself-estagio-projeto/backend/API/index.php

Method: GET
Script: D:/xampp/htdocs/contaself-estagio-projeto/backend/API/index.php

=== Nova Requisição ===
URI: /contaself-estagio-projeto/backend/API/alunos/media-idade-por-curso
Method: GET
Script: D:/xampp/htdocs/contaself-estagio-projeto/backend/API/index.php

=== Nova Requisição ===
URI: /contaself-estagio-projeto/backend/API/alunos?curso=Informatica
Method: GET
Script: D:/xampp/htdocs/contaself-estagio-projeto/backend/API/index.php

=== Nova Requisição ===
URI: /contaself-estagio-projeto/backend/API/alunos?curso=Publicidade
Method: GET
Script: D:/xampp/htdocs/contaself-estagio-projeto/backend/API/index.php

=== Nova Requisição ===
URI: /contaself-estagio-projeto/backend/API/alunos?curso=Publicidade&curso_id=1
Method: GET
Script: D:/xampp/htdocs/contaself-estagio-projeto/backend/API/index.php

=== Nova Requisição ===
URI: /contaself-estagio-projeto/backend/API/alunos?curso_id=1
Method: GET
Script: D:/xampp/htdocs/contaself-estagio-projeto/backend/API/index.php

=== Nova Requisição ===
URI: /contaself-estagio-projeto/backend/API/cursos
=== Nova Requisição ===
URI: /contaself-estagio-projeto/backend/API/alunos
=== Nova Requisição ===
Script: D:/xampp/htdocs/contaself-estagio-projeto/backend/API/index.php

Method: GET
URI: /contaself-estagio-projeto/backend/API/alunos/total-por-curso
Script: D:/xampp/htdocs/contaself-estagio-projeto/backend/API/index.php

Method: GET
Script: D:/xampp/htdocs/contaself-estagio-projeto/backend/API/index.php

=== Nova Requisição ===
URI: /contaself-estagio-projeto/backend/API/alunos/media-idade-por-curso
Method: GET
Script: D:/xampp/htdocs/contaself-estagio-projeto/backend/API/index.php

=== Nova Requisição ===
URI: /contaself-estagio-projeto/backend/API/cursos
Method: POST
Script: D:/xampp/htdocs/contaself-estagio-projeto/backend/API/index.php

RAW DATA: {"curso":{"nome":"Analises Clinicas"}}
=== Nova Requisição ===
URI: /contaself-estagio-projeto/backend/API/cursos
Method: GET
Script: D:/xampp/htdocs/contaself-estagio-projeto/backend/API/index.php

=== Nova Requisição ===
URI: /contaself-estagio-projeto/backend/API/alunos
Method: POST
Script: D:/xampp/htdocs/contaself-estagio-projeto/backend/API/index.php

RAW DATA: {"aluno":{"nome":"maRia","idade":16,"cursos":{"id":6,"nome":"Analises Clinicas"}}}
=== Nova Requisição ===
URI: /contaself-estagio-projeto/backend/API/alunos
Method: GET
Script: D:/xampp/htdocs/contaself-estagio-projeto/backend/API/index.php

=== Nova Requisição ===
=== Nova Requisição ===
=== Nova Requisição ===
URI: /contaself-estagio-projeto/backend/API/cursos
URI: /contaself-estagio-projeto/backend/API/alunos
URI: /contaself-estagio-projeto/backend/API/alunos/total-por-curso
Method: GET
Method: GET
Script: D:/xampp/htdocs/contaself-estagio-projeto/backend/API/index.php

Script: D:/xampp/htdocs/contaself-estagio-projeto/backend/API/index.php

=== Nova Requisição ===
URI: /contaself-estagio-projeto/backend/API/alunos/media-idade-por-curso
Method: GET
Script: D:/xampp/htdocs/contaself-estagio-projeto/backend/API/index.php

=== Nova Requisição ===
URI: /contaself-estagio-projeto/backend/API/cursos
Method: GET
Script: D:/xampp/htdocs/contaself-estagio-projeto/backend/API/index.php

=== Nova Requisição ===
URI: /contaself-estagio-projeto/backend/API/alunos
Method: GET
Script: D:/xampp/htdocs/contaself-estagio-projeto/backend/API/index.php

=== Nova Requisição ===
URI: /contaself-estagio-projeto/backend/API/alunos/total-por-curso
Method: GET
Script: D:/xampp/htdocs/contaself-estagio-projeto/backend/API/index.php

=== Nova Requisição ===
URI: /contaself-estagio-projeto/backend/API/alunos/media-idade-por-curso
Method: GET
Script: D:/xampp/htdocs/contaself-estagio-projeto/backend/API/index.php

=== Nova Requisição ===
URI: /contaself-estagio-projeto/backend/API/alunos
Method: POST
Script: D:/xampp/htdocs/contaself-estagio-projeto/backend/API/index.php

RAW DATA: {"aluno":{"nome":"Ana","idade":17,"cursos":{"id":5,"nome":"Informatica"}}}
=== Nova Requisição ===
URI: /contaself-estagio-projeto/backend/API/alunos
Method: GET
Script: D:/xampp/htdocs/contaself-estagio-projeto/backend/API/index.php

=== Nova Requisição ===
URI: /contaself-estagio-projeto/backend/API/alunos/total-por-curso
URI: /contaself-estagio-projeto/backend/API/alunos
Method: GET
Method: GET
Method: GET
Script: D:/xampp/htdocs/contaself-estagio-projeto/backend/API/index.php

Script: D:/xampp/htdocs/contaself-estagio-projeto/backend/API/index.php

=== Nova Requisição ===
URI: /contaself-estagio-projeto/backend/API/alunos/media-idade-por-curso
Method: GET
Script: D:/xampp/htdocs/contaself-estagio-projeto/backend/API/index.php

=== Nova Requisição ===
URI: /contaself-estagio-projeto/backend/API/cursos
Method: GET
Script: D:/xampp/htdocs/contaself-estagio-projeto/backend/API/index.php

=== Nova Requisição ===
=== Nova Requisição ===
URI: /contaself-estagio-projeto/backend/API/alunos
Method: GET
elf-estagio-projeto/backend/API/alunos/total-por-curso
Script: D:/xampp/htdocs/contaself-estagio-projeto/backend/API/index.php

Script: D:/xampp/htdocs/contaself-estagio-projeto/backend/API/index.php

=== Nova Requisição ===
URI: /contaself-estagio-projeto/backend/API/alunos/media-idade-por-curso
Method: GET
Script: D:/xampp/htdocs/contaself-estagio-projeto/backend/API/index.php

=== Nova Requisição ===
URI: /contaself-estagio-projeto/backend/API/cursos
=== Nova Requisição ===
Method: GET
URI: /contaself-estagio-projeto/backend/API/alunos
Script: D:/xampp/htdocs/contaself-estagio-projeto/backend/API/index.php

Method: GET
Script: D:/xampp/htdocs/contaself-estagio-projeto/backend/API/index.php

=== Nova Requisição ===
URI: /contaself-estagio-projeto/backend/API/alunos/total-por-curso
Method: GET
Script: D:/xampp/htdocs/contaself-estagio-projeto/backend/API/index.php

=== Nova Requisição ===
URI: /contaself-estagio-projeto/backend/API/alunos/media-idade-por-curso
Method: GET
Script: D:/xampp/htdocs/contaself-estagio-projeto/backend/API/index.php

=== Nova Requisição ===
URI: /contaself-estagio-projeto/backend/API/alunos/3
Method: DELETE
Script: D:/xampp/htdocs/contaself-estagio-projeto/backend/API/index.php

=== Nova Requisição ===
URI: /contaself-estagio-projeto/backend/API/cursos
Method: GET
Script: D:/xampp/htdocs/contaself-estagio-projeto/backend/API/index.php

=== Nova Requisição ===
URI: /contaself-estagio-projeto/backend/API/alunos
Method: GET
Script: D:/xampp/htdocs/contaself-estagio-projeto/backend/API/index.php

=== Nova Requisição ===
URI: /contaself-estagio-projeto/backend/API/alunos/total-por-curso
Method: GET
Script: D:/xampp/htdocs/contaself-estagio-projeto/backend/API/index.php

=== Nova Requisição ===
URI: /contaself-estagio-projeto/backend/API/alunos/media-idade-por-curso
Method: GET
Script: D:/xampp/htdocs/contaself-estagio-projeto/backend/API/index.php

=== Nova Requisição ===
URI: /contaself-estagio-projeto/backend/API/alunos/3
Method: DELETE
Script: D:/xampp/htdocs/contaself-estagio-projeto/backend/API/index.php

=== Nova Requisição ===
URI: /contaself-estagio-projeto/backend/API/alunos/3
Method: DELETE
Script: D:/xampp/htdocs/contaself-estagio-projeto/backend/API/index.php

=== Nova Requisição ===
URI: /contaself-estagio-projeto/backend/API/cursos
URI: /contaself-estagio-projeto/backend/API/alunos/total-por-curso
Method: GET
Method: GET
Method: GET
Script: D:/xampp/htdocs/contaself-estagio-projeto/backend/API/index.php

Script: D:/xampp/htdocs/contaself-estagio-projeto/backend/API/index.php

Script: D:/xampp/htdocs/contaself-estagio-projeto/backend/API/index.php

=== Nova Requisição ===
URI: /contaself-estagio-projeto/backend/API/alunos/media-idade-por-curso
Method: GET
Script: D:/xampp/htdocs/contaself-estagio-projeto/backend/API/index.php

=== Nova Requisição ===
URI: /contaself-estagio-projeto/backend/API/alunos/3
Method: DELETE
Script: D:/xampp/htdocs/contaself-estagio-projeto/backend/API/index.php

=== Nova Requisição ===
URI: /contaself-estagio-projeto/backend/API/alunos
URI: /contaself-estagio-projeto/backend/API/cursos
Method: GET
Method: GET
Script: D:/xampp/htdocs/contaself-estagio-projeto/backend/API/index.php

Script: D:/xampp/htdocs/contaself-estagio-projeto/backend/API/index.php

URI: /contaself-estagio-projeto/backend/API/alunos/total-por-curso
Method: GET
Script: D:/xampp/htdocs/contaself-estagio-projeto/backend/API/index.php

=== Nova Requisição ===
URI: /contaself-estagio-projeto/backend/API/alunos/media-idade-por-curso
Method: GET
Script: D:/xampp/htdocs/contaself-estagio-projeto/backend/API/index.php

=== Nova Requisição ===
URI: /contaself-estagio-projeto/backend/API/alunos/3
Method: DELETE
Script: D:/xampp/htdocs/contaself-estagio-projeto/backend/API/index.php

=== Nova Requisição ===
=== Nova Requisição ===
URI: /contaself-estagio-projeto/backend/API/cursos
URI: /contaself-estagio-projeto/backend/API/alunos
URI: /contaself-estagio-projeto/backend/API/alunos/total-por-curso
Method: GET
Method: GET
Method: GET
Script: D:/xampp/htdocs/contaself-estagio-projeto/backend/API/index.php

Script: D:/xampp/htdocs/contaself-estagio-projeto/backend/API/index.php

Script: D:/xampp/htdocs/contaself-estagio-projeto/backend/API/index.php

=== Nova Requisição ===
URI: /contaself-estagio-projeto/backend/API/alunos/media-idade-por-curso
Method: GET
Script: D:/xampp/htdocs/contaself-estagio-projeto/backend/API/index.php

=== Nova Requisição ===
URI: /contaself-estagio-projeto/backend/API/alunos/3
Method: DELETE
Script: D:/xampp/htdocs/contaself-estagio-projeto/backend/API/index.php

=== Nova Requisição ===
URI: /contaself-estagio-projeto/backend/API/alunos
Method: GET
Script: D:/xampp/htdocs/contaself-estagio-projeto/backend/API/index.php

=== Nova Requisição ===
URI: /contaself-estagio-projeto/backend/API/cursos
=== Nova Requisição ===
URI: /contaself-estagio-projeto/backend/API/alunos
Script: D:/xampp/htdocs/contaself-estagio-projeto/backend/API/index.php

Method: GET
Script: D:/xampp/htdocs/contaself-estagio-projeto/backend/API/index.php

=== Nova Requisição ===
URI: /contaself-estagio-projeto/backend/API/alunos/total-por-curso
Method: GET
Script: D:/xampp/htdocs/contaself-estagio-projeto/backend/API/index.php

=== Nova Requisição ===
URI: /contaself-estagio-projeto/backend/API/alunos/media-idade-por-curso
Method: GET
Script: D:/xampp/htdocs/contaself-estagio-projeto/backend/API/index.php

=== Nova Requisição ===
URI: /contaself-estagio-projeto/backend/API/alunos
=== Nova Requisição ===
ojeto/backend/API/alunos/total-por-curso
Method: GET
Script: D:/xampp/htdocs/contaself-estagio-projeto/backend/API/index.php

Script: D:/xampp/htdocs/contaself-estagio-projeto/backend/API/index.php

Method: GET
Script: D:/xampp/htdocs/contaself-estagio-projeto/backend/API/index.php

=== Nova Requisição ===
URI: /contaself-estagio-projeto/backend/API/alunos/media-idade-por-curso
Method: GET
Script: D:/xampp/htdocs/contaself-estagio-projeto/backend/API/index.php

=== Nova Requisição ===
URI: /contaself-estagio-projeto/backend/API/cursos
Method: GET
Script: D:/xampp/htdocs/contaself-estagio-projeto/backend/API/index.php

=== Nova Requisição ===
URI: /contaself-estagio-projeto/backend/API/alunos
Method: GET
Script: D:/xampp/htdocs/contaself-estagio-projeto/backend/API/index.php

=== Nova Requisição ===
URI: /contaself-estagio-projeto/backend/API/alunos/total-por-curso
Method: GET
Script: D:/xampp/htdocs/contaself-estagio-projeto/backend/API/index.php

=== Nova Requisição ===
URI: /contaself-estagio-projeto/backend/API/alunos/media-idade-por-curso
Method: GET
Script: D:/xampp/htdocs/contaself-estagio-projeto/backend/API/index.php

=== Nova Requisição ===
URI: /contaself-estagio-projeto/backend/API/cursos
Method: GET
Script: D:/xampp/htdocs/contaself-estagio-projeto/backend/API/index.php

=== Nova Requisição ===
URI: /contaself-estagio-projeto/backend/API/alunos
Method: GET
Script: D:/xampp/htdocs/contaself-estagio-projeto/backend/API/index.php

=== Nova Requisição ===
URI: /contaself-estagio-projeto/backend/API/alunos/total-por-curso
Method: GET
Script: D:/xampp/htdocs/contaself-estagio-projeto/backend/API/index.php

=== Nova Requisição ===
URI: /contaself-estagio-projeto/backend/API/alunos/media-idade-por-curso
Method: GET
Script: D:/xampp/htdocs/contaself-estagio-projeto/backend/API/index.php

=== Nova Requisição ===
URI: /contaself-estagio-projeto/backend/API/cursos
Method: GET
Script: D:/xampp/htdocs/contaself-estagio-projeto/backend/API/index.php

=== Nova Requisição ===
URI: /contaself-estagio-projeto/backend/API/alunos
Method: GET
Script: D:/xampp/htdocs/contaself-estagio-projeto/backend/API/index.php

=== Nova Requisição ===
URI: /contaself-estagio-projeto/backend/API/alunos/total-por-curso
Method: GET
Script: D:/xampp/htdocs/contaself-estagio-projeto/backend/API/index.php

=== Nova Requisição ===
URI: /contaself-estagio-projeto/backend/API/alunos/media-idade-por-curso
Method: GET
Script: D:/xampp/htdocs/contaself-estagio-projeto/backend/API/index.php

=== Nova Requisição ===
URI: /contaself-estagio-projeto/backend/API/cursos
Method: GET
=== Nova Requisição ===
Script: D:/xampp/htdocs/contaself-estagio-projeto/backend/API/index.php

URI: /contaself-estagio-projeto/backend/API/alunos/total-por-curso
=== Nova Requisição ===
Method: GET
URI: /contaself-estagio-projeto/backend/API/alunos
Script: D:/xampp/htdocs/contaself-estagio-projeto/backend/API/index.php

Method: GET
Script: D:/xampp/htdocs/contaself-estagio-projeto/backend/API/index.php

=== Nova Requisição ===
URI: /contaself-estagio-projeto/backend/API/alunos/media-idade-por-curso
Method: GET
Script: D:/xampp/htdocs/contaself-estagio-projeto/backend/API/index.php

=== Nova Requisição ===
URI: /contaself-estagio-projeto/backend/API/alunos
=== Nova Requisição ===
URI: /contaself-estagio-projeto/backend/API/cursos
Method: GET
Script: D:/xampp/htdocs/contaself-estagio-projeto/backend/API/index.php

Script: D:/xampp/htdocs/contaself-estagio-projeto/backend/API/index.php

=== Nova Requisição ===
URI: /contaself-estagio-projeto/backend/API/alunos/total-por-curso
Method: GET
Script: D:/xampp/htdocs/contaself-estagio-projeto/backend/API/index.php

=== Nova Requisição ===
URI: /contaself-estagio-projeto/backend/API/alunos/media-idade-por-curso
Method: GET
Script: D:/xampp/htdocs/contaself-estagio-projeto/backend/API/index.php

=== Nova Requisição ===
URI: /contaself-estagio-projeto/backend/API/cursos
URI: /contaself-estagio-projeto/backend/API/alunos
Method: GET
Method: GET
=== Nova Requisição ===
Script: D:/xampp/htdocs/contaself-estagio-projeto/backend/API/index.php

URI: /contaself-estagio-projeto/backend/API/alunos/total-por-curso
Script: D:/xampp/htdocs/contaself-estagio-projeto/backend/API/index.php

Method: GET
Script: D:/xampp/htdocs/contaself-estagio-projeto/backend/API/index.php

=== Nova Requisição ===
URI: /contaself-estagio-projeto/backend/API/alunos/media-idade-por-curso
Method: GET
Script: D:/xampp/htdocs/contaself-estagio-projeto/backend/API/index.php

=== Nova Requisição ===
=== Nova Requisição ===
URI: /contaself-estagio-projeto/backend/API/cursos
=== Nova Requisição ===
Method: GET
Method: GET
URI: /contaself-estagio-projeto/backend/API/alunos/total-por-curso
Script: D:/xampp/htdocs/contaself-estagio-projeto/backend/API/index.php

Script: D:/xampp/htdocs/contaself-estagio-projeto/backend/API/index.php

Method: GET
Script: D:/xampp/htdocs/contaself-estagio-projeto/backend/API/index.php

=== Nova Requisição ===
URI: /contaself-estagio-projeto/backend/API/alunos/media-idade-por-curso
Method: GET
Script: D:/xampp/htdocs/contaself-estagio-projeto/backend/API/index.php

=== Nova Requisição ===
URI: /contaself-estagio-projeto/backend/API/cursos
Method: GET
Script: D:/xampp/htdocs/contaself-estagio-projeto/backend/API/index.php

=== Nova Requisição ===
=== Nova Requisição ===
URI: /contaself-estagio-projeto/backend/API/alunos
URI: /contaself-estagio-projeto/backend/API/alunos/total-por-curso
Method: GET
Method: GET
Script: D:/xampp/htdocs/contaself-estagio-projeto/backend/API/index.php

Script: D:/xampp/htdocs/contaself-estagio-projeto/backend/API/index.php

=== Nova Requisição ===
URI: /contaself-estagio-projeto/backend/API/alunos/media-idade-por-curso
Method: GET
Script: D:/xampp/htdocs/contaself-estagio-projeto/backend/API/index.php

=== Nova Requisição ===
URI: /contaself-estagio-projeto/backend/API/alunos?curso=Informatica
Method: GET
Script: D:/xampp/htdocs/contaself-estagio-projeto/backend/API/index.php

=== Nova Requisição ===
URI: /contaself-estagio-projeto/backend/API/alunos?curso_id=5
Method: GET
Script: D:/xampp/htdocs/contaself-estagio-projeto/backend/API/index.php

=== Nova Requisição ===
URI: /contaself-estagio-projeto/backend/API/alunos?curso_id=5
Method: GET
Script: D:/xampp/htdocs/contaself-estagio-projeto/backend/API/index.php

=== Nova Requisição ===
URI: /contaself-estagio-projeto/backend/API/alunos?curso_id=3
Method: GET
Script: D:/xampp/htdocs/contaself-estagio-projeto/backend/API/index.php

=== Nova Requisição ===
URI: /contaself-estagio-projeto/backend/API/alunos
Method: GET
Script: D:/xampp/htdocs/contaself-estagio-projeto/backend/API/index.php

=== Nova Requisição ===
URI: /contaself-estagio-projeto/backend/API/cursos
Method: GET
Script: D:/xampp/htdocs/contaself-estagio-projeto/backend/API/index.php

=== Nova Requisição ===
URI: /contaself-estagio-projeto/backend/API/alunos?curso_id=4
Method: GET
Script: D:/xampp/htdocs/contaself-estagio-projeto/backend/API/index.php

=== Nova Requisição ===
URI: /contaself-estagio-projeto/backend/API/cursos
Method: GET
Script: D:/xampp/htdocs/contaself-estagio-projeto/backend/API/index.php

=== Nova Requisição ===
URI: /contaself-estagio-projeto/backend/API/alunos
Method: GET
Script: D:/xampp/htdocs/contaself-estagio-projeto/backend/API/index.php

=== Nova Requisição ===
URI: /contaself-estagio-projeto/backend/API/alunos/total-por-curso
Method: GET
Script: D:/xampp/htdocs/contaself-estagio-projeto/backend/API/index.php

=== Nova Requisição ===
URI: /contaself-estagio-projeto/backend/API/alunos/media-idade-por-curso
Method: GET
Script: D:/xampp/htdocs/contaself-estagio-projeto/backend/API/index.php

=== Nova Requisição ===
URI: /contaself-estagio-projeto/backend/API/cursos
Method: GET
Script: D:/xampp/htdocs/contaself-estagio-projeto/backend/API/index.php

=== Nova Requisição ===
URI: /contaself-estagio-projeto/backend/API/alunos
Method: GET
Script: D:/xampp/htdocs/contaself-estagio-projeto/backend/API/index.php

=== Nova Requisição ===
URI: /contaself-estagio-projeto/backend/API/alunos/total-por-curso
Method: GET
Script: D:/xampp/htdocs/contaself-estagio-projeto/backend/API/index.php

=== Nova Requisição ===
URI: /contaself-estagio-projeto/backend/API/alunos/media-idade-por-curso
Method: GET
Script: D:/xampp/htdocs/contaself-estagio-projeto/backend/API/index.php

=== Nova Requisição ===
=== Nova Requisição ===
URI: /contaself-estagio-projeto/backend/API/alunos/total-por-curso
URI: /contaself-estagio-projeto/backend/API/alunos
Method: GET
Method: GET
Script: D:/xampp/htdocs/contaself-estagio-projeto/backend/API/index.php

Script: D:/xampp/htdocs/contaself-estagio-projeto/backend/API/index.php

=== Nova Requisição ===
URI: /contaself-estagio-projeto/backend/API/cursos
Method: GET
Script: D:/xampp/htdocs/contaself-estagio-projeto/backend/API/index.php

=== Nova Requisição ===
URI: /contaself-estagio-projeto/backend/API/alunos/media-idade-por-curso
Method: GET
Script: D:/xampp/htdocs/contaself-estagio-projeto/backend/API/index.php

=== Nova Requisição ===
URI: /contaself-estagio-projeto/backend/API/cursos
Method: GET
=== Nova Requisição ===
Script: D:/xampp/htdocs/contaself-estagio-projeto/backend/API/index.php

URI: /contaself-estagio-projeto/backend/API/alunos
Method: GET
Script: D:/xampp/htdocs/contaself-estagio-projeto/backend/API/index.php

=== Nova Requisição ===
URI: /contaself-estagio-projeto/backend/API/alunos/total-por-curso
Method: GET
Script: D:/xampp/htdocs/contaself-estagio-projeto/backend/API/index.php

=== Nova Requisição ===
URI: /contaself-estagio-projeto/backend/API/alunos/media-idade-por-curso
Method: GET
Script: D:/xampp/htdocs/contaself-estagio-projeto/backend/API/index.php

=== Nova Requisição ===
=== Nova Requisição ===
URI: /contaself-estagio-projeto/backend/API/cursos
URI: /contaself-estagio-projeto/backend/API/alunos/total-por-curso
Method: GET
Method: GET
Script: D:/xampp/htdocs/contaself-estagio-projeto/backend/API/index.php

=== Nova Requisição ===
Script: D:/xampp/htdocs/contaself-estagio-projeto/backend/API/index.php

URI: /contaself-estagio-projeto/backend/API/alunos
Method: GET
Script: D:/xampp/htdocs/contaself-estagio-projeto/backend/API/index.php

=== Nova Requisição ===
URI: /contaself-estagio-projeto/backend/API/alunos/media-idade-por-curso
Method: GET
Script: D:/xampp/htdocs/contaself-estagio-projeto/backend/API/index.php

=== Nova Requisição ===
URI: /contaself-estagio-projeto/backend/API/cursos
Method: GET
Script: D:/xampp/htdocs/contaself-estagio-projeto/backend/API/index.php

=== Nova Requisição ===
URI: /contaself-estagio-projeto/backend/API/alunos
=== Nova Requisição ===
Method: GET
URI: /contaself-estagio-projeto/backend/API/alunos/total-por-curso
Script: D:/xampp/htdocs/contaself-estagio-projeto/backend/API/index.php

Method: GET
Script: D:/xampp/htdocs/contaself-estagio-projeto/backend/API/index.php

=== Nova Requisição ===
URI: /contaself-estagio-projeto/backend/API/alunos/media-idade-por-curso
Method: GET
Script: D:/xampp/htdocs/contaself-estagio-projeto/backend/API/index.php

=== Nova Requisição ===
URI: /contaself-estagio-projeto/backend/API/cursos
Method: GET
Script: D:/xampp/htdocs/contaself-estagio-projeto/backend/API/index.php

=== Nova Requisição ===
URI: /contaself-estagio-projeto/backend/API/alunos
Method: GET
Script: D:/xampp/htdocs/contaself-estagio-projeto/backend/API/index.php

=== Nova Requisição ===
URI: /contaself-estagio-projeto/backend/API/alunos/total-por-curso
Method: GET
Script: D:/xampp/htdocs/contaself-estagio-projeto/backend/API/index.php

=== Nova Requisição ===
URI: /contaself-estagio-projeto/backend/API/alunos/media-idade-por-curso
Method: GET
Script: D:/xampp/htdocs/contaself-estagio-projeto/backend/API/index.php

=== Nova Requisição ===
URI: /contaself-estagio-projeto/backend/API/cursos
URI: /contaself-estagio-projeto/backend/API/alunos
Method: GET
Method: GET
Script: D:/xampp/htdocs/contaself-estagio-projeto/backend/API/index.php

Script: D:/xampp/htdocs/contaself-estagio-projeto/backend/API/index.php

=== Nova Requisição ===
URI: /contaself-estagio-projeto/backend/API/alunos/total-por-curso
Method: GET
Script: D:/xampp/htdocs/contaself-estagio-projeto/backend/API/index.php

=== Nova Requisição ===
URI: /contaself-estagio-projeto/backend/API/alunos/media-idade-por-curso
Method: GET
Script: D:/xampp/htdocs/contaself-estagio-projeto/backend/API/index.php

=== Nova Requisição ===
URI: /contaself-estagio-projeto/backend/API/cursos
Method: GET
Script: D:/xampp/htdocs/contaself-estagio-projeto/backend/API/index.php

=== Nova Requisição ===
URI: /contaself-estagio-projeto/backend/API/alunos
=== Nova Requisição ===
Method: GET
URI: /contaself-estagio-projeto/backend/API/alunos/total-por-curso
Method: GET
ampp/htdocs/contaself-estagio-projeto/backend/API/index.php

Script: D:/xampp/htdocs/contaself-estagio-projeto/backend/API/index.php

=== Nova Requisição ===
URI: /contaself-estagio-projeto/backend/API/alunos/media-idade-por-curso
Method: GET
Script: D:/xampp/htdocs/contaself-estagio-projeto/backend/API/index.php

=== Nova Requisição ===
URI: /contaself-estagio-projeto/backend/API/cursos
Method: GET
Script: D:/xampp/htdocs/contaself-estagio-projeto/backend/API/index.php

=== Nova Requisição ===
URI: /contaself-estagio-projeto/backend/API/alunos
Method: GET
Script: D:/xampp/htdocs/contaself-estagio-projeto/backend/API/index.php

=== Nova Requisição ===
URI: /contaself-estagio-projeto/backend/API/alunos/total-por-curso
Method: GET
Script: D:/xampp/htdocs/contaself-estagio-projeto/backend/API/index.php

=== Nova Requisição ===
URI: /contaself-estagio-projeto/backend/API/alunos/media-idade-por-curso
Method: GET
Script: D:/xampp/htdocs/contaself-estagio-projeto/backend/API/index.php

=== Nova Requisição ===
=== Nova Requisição ===
=== Nova Requisição ===
URI: /contaself-estagio-projeto/backend/API/alunos/total-por-curso
URI: /contaself-estagio-projeto/backend/API/alunos
Method: GET
Method: GET
Script: D:/xampp/htdocs/contaself-estagio-projeto/backend/API/index.php

Script: D:/xampp/htdocs/contaself-estagio-projeto/backend/API/index.php

Method: GET
Script: D:/xampp/htdocs/contaself-estagio-projeto/backend/API/index.php

=== Nova Requisição ===
URI: /contaself-estagio-projeto/backend/API/alunos/media-idade-por-curso
Method: GET
Script: D:/xampp/htdocs/contaself-estagio-projeto/backend/API/index.php

=== Nova Requisição ===
URI: /contaself-estagio-projeto/backend/API/alunos/total-por-curso
URI: /contaself-estagio-projeto/backend/API/alunos
Method: GET
elf-estagio-projeto/backend/API/cursos
Method: GET
Method: GET
Script: D:/xampp/htdocs/contaself-estagio-projeto/backend/API/index.php

Script: D:/xampp/htdocs/contaself-estagio-projeto/backend/API/index.php

Script: D:/xampp/htdocs/contaself-estagio-projeto/backend/API/index.php

=== Nova Requisição ===
URI: /contaself-estagio-projeto/backend/API/alunos/media-idade-por-curso
Method: GET
Script: D:/xampp/htdocs/contaself-estagio-projeto/backend/API/index.php

=== Nova Requisição ===
URI: /contaself-estagio-projeto/backend/API/alunos?curso=Informatica
Method: GET
Script: D:/xampp/htdocs/contaself-estagio-projeto/backend/API/index.php

=== Nova Requisição ===
URI: /contaself-estagio-projeto/backend/API/cursos
Method: POST
Script: D:/xampp/htdocs/contaself-estagio-projeto/backend/API/index.php

RAW DATA: {"curso":{"nome":"Administração"}}
=== Nova Requisição ===
URI: /contaself-estagio-projeto/backend/API/cursos
Method: GET
Script: D:/xampp/htdocs/contaself-estagio-projeto/backend/API/index.php

=== Nova Requisição ===
URI: /contaself-estagio-projeto/backend/API/alunos
Method: POST
Script: D:/xampp/htdocs/contaself-estagio-projeto/backend/API/index.php

RAW DATA: {"aluno":{"nome":"Milena","idade":18,"cursos":{"id":7,"nome":"Administração"}}}
=== Nova Requisição ===
URI: /contaself-estagio-projeto/backend/API/alunos?curso=Informatica
Method: GET
Script: D:/xampp/htdocs/contaself-estagio-projeto/backend/API/index.php

=== Nova Requisição ===
URI: /contaself-estagio-projeto/backend/API/alunos?curso=administra%C3%A7%C3%A3o
Method: GET
Script: D:/xampp/htdocs/contaself-estagio-projeto/backend/API/index.php

=== Nova Requisição ===
URI: /contaself-estagio-projeto/backend/API/alunos?curso=administracao
Method: GET
Script: D:/xampp/htdocs/contaself-estagio-projeto/backend/API/index.php

=== Nova Requisição ===
URI: /contaself-estagio-projeto/backend/API/alunos?curso=administracao
Method: GET
Script: D:/xampp/htdocs/contaself-estagio-projeto/backend/API/index.php

=== Nova Requisição ===
URI: /contaself-estagio-projeto/backend/API/alunos?curso=administracao
Method: GET
Script: D:/xampp/htdocs/contaself-estagio-projeto/backend/API/index.php

=== Nova Requisição ===
URI: /contaself-estagio-projeto/backend/API/alunos?curso=administracao
Method: GET
Script: D:/xampp/htdocs/contaself-estagio-projeto/backend/API/index.php

=== Nova Requisição ===
URI: /contaself-estagio-projeto/backend/API/alunos
Method: GET
Script: D:/xampp/htdocs/contaself-estagio-projeto/backend/API/index.php

=== Nova Requisição ===
URI: /contaself-estagio-projeto/backend/API/cursos
Method: GET
Script: D:/xampp/htdocs/contaself-estagio-projeto/backend/API/index.php

=== Nova Requisição ===
=== Nova Requisição ===
ojeto/backend/API/alunos
Method: GET
URI: /contaself-estagio-projeto/backend/API/alunos/total-por-curso
Script: D:/xampp/htdocs/contaself-estagio-projeto/backend/API/index.php

Method: GET
Script: D:/xampp/htdocs/contaself-estagio-projeto/backend/API/index.php

=== Nova Requisição ===
URI: /contaself-estagio-projeto/backend/API/alunos/media-idade-por-curso
Method: GET
Script: D:/xampp/htdocs/contaself-estagio-projeto/backend/API/index.php

=== Nova Requisição ===
URI: /contaself-estagio-projeto/backend/API/cursos
Method: POST
Script: D:/xampp/htdocs/contaself-estagio-projeto/backend/API/index.php

RAW DATA: {"curso":{"nome":"Mecânica"}}
=== Nova Requisição ===
URI: /contaself-estagio-projeto/backend/API/cursos
Method: GET
Script: D:/xampp/htdocs/contaself-estagio-projeto/backend/API/index.php

=== Nova Requisição ===
URI: /contaself-estagio-projeto/backend/API/alunos
Method: POST
Script: D:/xampp/htdocs/contaself-estagio-projeto/backend/API/index.php

RAW DATA: {"aluno":{"nome":"Giulia","idade":20,"cursos":{"id":8,"nome":"Mecânica"}}}
=== Nova Requisição ===
URI: /contaself-estagio-projeto/backend/API/alunos
Method: GET
Script: D:/xampp/htdocs/contaself-estagio-projeto/backend/API/index.php

=== Nova Requisição ===
URI: /contaself-estagio-projeto/backend/API/alunos
Method: GET
Script: D:/xampp/htdocs/contaself-estagio-projeto/backend/API/index.php

=== Nova Requisição ===
URI: /contaself-estagio-projeto/backend/API/alunos?curso=Mec%C3%A2nica
Method: GET
Script: D:/xampp/htdocs/contaself-estagio-projeto/backend/API/index.php

=== Nova Requisição ===
URI: /contaself-estagio-projeto/backend/API/cursos
Method: GET
Script: D:/xampp/htdocs/contaself-estagio-projeto/backend/API/index.php

=== Nova Requisição ===
URI: /contaself-estagio-projeto/backend/API/alunos?curso_id=8
Method: GET
Script: D:/xampp/htdocs/contaself-estagio-projeto/backend/API/index.php

=== Nova Requisição ===
URI: /contaself-estagio-projeto/backend/API/alunos?curso_id=1
Method: GET
Script: D:/xampp/htdocs/contaself-estagio-projeto/backend/API/index.php

=== Nova Requisição ===
URI: /contaself-estagio-projeto/backend/API/alunos?curso_id=5
Method: GET
Script: D:/xampp/htdocs/contaself-estagio-projeto/backend/API/index.php

=== Nova Requisição ===
URI: /contaself-estagio-projeto/backend/API/cursos
Method: GET
Script: D:/xampp/htdocs/contaself-estagio-projeto/backend/API/index.php

=== Nova Requisição ===
URI: /contaself-estagio-projeto/backend/API/alunos
Method: GET
Script: D:/xampp/htdocs/contaself-estagio-projeto/backend/API/index.php

=== Nova Requisição ===
URI: /contaself-estagio-projeto/backend/API/alunos/total-por-curso
Method: GET
Script: D:/xampp/htdocs/contaself-estagio-projeto/backend/API/index.php

=== Nova Requisição ===
URI: /contaself-estagio-projeto/backend/API/alunos/media-idade-por-curso
Method: GET
Script: D:/xampp/htdocs/contaself-estagio-projeto/backend/API/index.php

=== Nova Requisição ===
URI: /contaself-estagio-projeto/backend/API/alunos
Method: POST
Script: D:/xampp/htdocs/contaself-estagio-projeto/backend/API/index.php

RAW DATA: {"aluno":{"nome":"Isabella","idade":15,"cursos":{"id":7,"nome":"Administração"}}}
=== Nova Requisição ===
URI: /contaself-estagio-projeto/backend/API/alunos
Method: GET
Script: D:/xampp/htdocs/contaself-estagio-projeto/backend/API/index.php

=== Nova Requisição ===
URI: /contaself-estagio-projeto/backend/API/cursos
Method: POST
Script: D:/xampp/htdocs/contaself-estagio-projeto/backend/API/index.php

RAW DATA: {"curso":{"nome":"Culinaria"}}
=== Nova Requisição ===
URI: /contaself-estagio-projeto/backend/API/cursos
Method: GET
Script: D:/xampp/htdocs/contaself-estagio-projeto/backend/API/index.php

=== Nova Requisição ===
URI: /contaself-estagio-projeto/backend/API/alunos
Method: POST
Script: D:/xampp/htdocs/contaself-estagio-projeto/backend/API/index.php

RAW DATA: {"aluno":{"nome":"Manuela","idade":21,"cursos":{"id":9,"nome":"Culinaria"}}}
=== Nova Requisição ===
URI: /contaself-estagio-projeto/backend/API/alunos
Method: GET
Script: D:/xampp/htdocs/contaself-estagio-projeto/backend/API/index.php

=== Nova Requisição ===
URI: /contaself-estagio-projeto/backend/API/cursos
Method: GET
Script: D:/xampp/htdocs/contaself-estagio-projeto/backend/API/index.php

=== Nova Requisição ===
URI: /contaself-estagio-projeto/backend/API/alunos
Method: GET
Script: D:/xampp/htdocs/contaself-estagio-projeto/backend/API/index.php

=== Nova Requisição ===
URI: /contaself-estagio-projeto/backend/API/alunos/total-por-curso
Method: GET
Script: D:/xampp/htdocs/contaself-estagio-projeto/backend/API/index.php

=== Nova Requisição ===
URI: /contaself-estagio-projeto/backend/API/alunos/media-idade-por-curso
Method: GET
Script: D:/xampp/htdocs/contaself-estagio-projeto/backend/API/index.php

=== Nova Requisição ===
URI: /contaself-estagio-projeto/backend/API/alunos?curso=Informatica
Method: GET
Script: D:/xampp/htdocs/contaself-estagio-projeto/backend/API/index.php

=== Nova Requisição ===
URI: /contaself-estagio-projeto/backend/API/alunos?curso_id=8
Method: GET
Script: D:/xampp/htdocs/contaself-estagio-projeto/backend/API/index.php

=== Nova Requisição ===
=== Nova Requisição ===
URI: /contaself-estagio-projeto/backend/API/cursos
URI: /contaself-estagio-projeto/backend/API/alunos
Method: GET
Script: D:/xampp/htdocs/contaself-estagio-projeto/backend/API/index.php

=== Nova Requisição ===
URI: /contaself-estagio-projeto/backend/API/alunos/total-por-curso
Method: GET
Script: D:/xampp/htdocs/contaself-estagio-projeto/backend/API/index.php

=== Nova Requisição ===
URI: /contaself-estagio-projeto/backend/API/alunos/media-idade-por-curso
Method: GET
Script: D:/xampp/htdocs/contaself-estagio-projeto/backend/API/index.php

=== Nova Requisição ===
URI: /contaself-estagio-projeto/backend/API/alunos/7
Method: DELETE
Script: D:/xampp/htdocs/contaself-estagio-projeto/backend/API/index.php

=== Nova Requisição ===
URI: /contaself-estagio-projeto/backend/API/alunos
Method: GET
Script: D:/xampp/htdocs/contaself-estagio-projeto/backend/API/index.php

